<?xml version="1.0" encoding="utf-8"?><testsuites name="pytest tests"><testsuite name="pytest" errors="0" failures="0" skipped="0" tests="12" time="43.691" timestamp="2026-07-15T18:34:16.720236+00:00" hostname="agent-env-7ef1aff0-4c6d-4afb-80ad-c3e768773609"><testcase classname="tests.test_dotenv_override_v0113.TestLoadDotenvOverride" name="test_core_config_env_takes_precedence_over_file" time="0.288" /><testcase classname="tests.test_dotenv_override_v0113.TestLoadDotenvOverride" name="test_utils_config_env_takes_precedence_over_file" time="2.453" /><testcase classname="tests.test_dotenv_override_v0113.TestLoadDotenvOverride" name="test_core_config_reads_file_when_env_not_set" time="0.184" /><testcase classname="tests.test_dotenv_override_v0113.TestLoadDotenvOverride" name="test_utils_config_reads_file_when_env_not_set" time="1.681" /><testcase classname="tests.test_dotenv_override_v0113.TestVersionEndpoint" name="test_version_bumped_to_0_11_3_beta" time="0.348" /><testcase classname="tests.test_dotenv_override_v0113.TestNonRegression" name="test_login_and_me" time="0.592" /><testcase classname="tests.test_dotenv_override_v0113.TestNonRegression" name="test_sedi_list" time="0.069" /><testcase classname="tests.test_dotenv_override_v0113.TestNonRegression" name="test_rimborsi_list" time="0.107" /><testcase classname="tests.test_dotenv_override_v0113.TestNonRegression" name="test_notifiche_list" time="0.095" /><testcase classname="tests.test_dotenv_override_v0113.TestCalcolaKmErrorHandling" name="test_empty_google_maps_key_returns_500" time="6.686" /><testcase classname="tests.test_dotenv_override_v0113.TestCalcolaKmErrorHandling" name="test_invalid_google_maps_key_returns_400" time="6.789" /><testcase classname="tests.test_dotenv_override_v0113.TestCalcolaKmRateLimit" name="test_rate_limit_60_per_hour" time="23.782" /></testsuite></testsuites>