<?xml version="1.0" encoding="utf-8"?><testsuites name="pytest tests"><testsuite name="pytest" errors="0" failures="0" skipped="0" tests="20" time="5.147" timestamp="2026-07-26T18:05:30.237245+00:00" hostname="agent-env-7ef1aff0-4c6d-4afb-80ad-c3e768773609"><testcase classname="backend.tests.test_gdpr_v012.TestImpostazioniSindacato" name="test_public_get_returns_correct_data" time="0.363" /><testcase classname="backend.tests.test_gdpr_v012.TestImpostazioniSindacato" name="test_put_requires_superadmin" time="0.474" /><testcase classname="backend.tests.test_gdpr_v012.TestImpostazioniSindacato" name="test_put_superadmin_updates" time="0.699" /><testcase classname="backend.tests.test_gdpr_v012.TestLegalDocuments" name="test_privacy" time="0.174" /><testcase classname="backend.tests.test_gdpr_v012.TestLegalDocuments" name="test_cookie_policy" time="0.166" /><testcase classname="backend.tests.test_gdpr_v012.TestLegalDocuments" name="test_termini" time="0.128" /><testcase classname="backend.tests.test_gdpr_v012.TestLegalDocuments" name="test_versioni_documenti" time="0.130" /><testcase classname="backend.tests.test_gdpr_v012.TestRegisterConsent" name="test_register_without_privacy_fails" time="0.151" /><testcase classname="backend.tests.test_gdpr_v012.TestRegisterConsent" name="test_register_without_termini_fails" time="0.138" /><testcase classname="backend.tests.test_gdpr_v012.TestRegisterConsent" name="test_register_with_both_creates_consenso" time="0.417" /><testcase classname="backend.tests.test_gdpr_v012.TestGdprMyData" name="test_my_data_returns_all" time="0.060" /><testcase classname="backend.tests.test_gdpr_v012.TestGdprMyData" name="test_my_data_requires_auth" time="0.117" /><testcase classname="backend.tests.test_gdpr_v012.TestCancellazioneLifecycle" name="test_full_lifecycle" time="0.418" /><testcase classname="backend.tests.test_gdpr_v012.TestRegistroTrattamenti" name="test_superadmin_ok" time="0.066" /><testcase classname="backend.tests.test_gdpr_v012.TestRegistroTrattamenti" name="test_non_superadmin_forbidden" time="0.060" /><testcase classname="backend.tests.test_gdpr_v012.TestVersion" name="test_version" time="0.112" /><testcase classname="backend.tests.test_gdpr_v012.TestNonRegression" name="test_login_me" time="0.054" /><testcase classname="backend.tests.test_gdpr_v012.TestNonRegression" name="test_rimborsi_list" time="0.057" /><testcase classname="backend.tests.test_gdpr_v012.TestNonRegression" name="test_sedi" time="0.059" /><testcase classname="backend.tests.test_gdpr_v012.TestNonRegression" name="test_notifiche" time="0.063" /></testsuite></testsuites>