<?xml version="1.0" encoding="utf-8"?><testsuites name="pytest tests"><testsuite name="pytest" errors="0" failures="3" skipped="0" tests="20" time="3.988" timestamp="2026-07-25T12:57:40.269842+00:00" hostname="agent-env-7ef1aff0-4c6d-4afb-80ad-c3e768773609"><testcase classname="backend.tests.test_gdpr_v012.TestImpostazioniSindacato" name="test_public_get_returns_correct_data" time="0.239" /><testcase classname="backend.tests.test_gdpr_v012.TestImpostazioniSindacato" name="test_put_requires_superadmin" time="0.551" /><testcase classname="backend.tests.test_gdpr_v012.TestImpostazioniSindacato" name="test_put_superadmin_updates" time="0.664"><failure message="AssertionError: Internal Server Error&#10;assert 500 == 200&#10; +  where 500 = &lt;Response [500]&gt;.status_code">backend/tests/test_gdpr_v012.py:125: in test_put_superadmin_updates
    assert r.status_code == 200, r.text
E   AssertionError: Internal Server Error
E   assert 500 == 200
E    +  where 500 = &lt;Response [500]&gt;.status_code</failure></testcase><testcase classname="backend.tests.test_gdpr_v012.TestLegalDocuments" name="test_privacy" time="0.136" /><testcase classname="backend.tests.test_gdpr_v012.TestLegalDocuments" name="test_cookie_policy" time="0.129" /><testcase classname="backend.tests.test_gdpr_v012.TestLegalDocuments" name="test_termini" time="0.178" /><testcase classname="backend.tests.test_gdpr_v012.TestLegalDocuments" name="test_versioni_documenti" time="0.129" /><testcase classname="backend.tests.test_gdpr_v012.TestRegisterConsent" name="test_register_without_privacy_fails" time="0.129" /><testcase classname="backend.tests.test_gdpr_v012.TestRegisterConsent" name="test_register_without_termini_fails" time="0.122" /><testcase classname="backend.tests.test_gdpr_v012.TestRegisterConsent" name="test_register_with_both_creates_consenso" time="0.508" /><testcase classname="backend.tests.test_gdpr_v012.TestGdprMyData" name="test_my_data_returns_all" time="0.090"><failure message="AssertionError: Internal Server Error&#10;assert 500 == 200&#10; +  where 500 = &lt;Response [500]&gt;.status_code">backend/tests/test_gdpr_v012.py:203: in test_my_data_returns_all
    assert r.status_code == 200, r.text
E   AssertionError: Internal Server Error
E   assert 500 == 200
E    +  where 500 = &lt;Response [500]&gt;.status_code</failure></testcase><testcase classname="backend.tests.test_gdpr_v012.TestGdprMyData" name="test_my_data_requires_auth" time="0.129" /><testcase classname="backend.tests.test_gdpr_v012.TestCancellazioneLifecycle" name="test_full_lifecycle" time="0.048"><failure message="assert (500 == 200)&#10; +  where 500 = &lt;Response [500]&gt;.status_code">backend/tests/test_gdpr_v012.py:225: in test_full_lifecycle
    assert r.status_code == 200 and r.json()["pending"] is False
E   assert (500 == 200)
E    +  where 500 = &lt;Response [500]&gt;.status_code</failure></testcase><testcase classname="backend.tests.test_gdpr_v012.TestRegistroTrattamenti" name="test_superadmin_ok" time="0.051" /><testcase classname="backend.tests.test_gdpr_v012.TestRegistroTrattamenti" name="test_non_superadmin_forbidden" time="0.052" /><testcase classname="backend.tests.test_gdpr_v012.TestVersion" name="test_version" time="0.135" /><testcase classname="backend.tests.test_gdpr_v012.TestNonRegression" name="test_login_me" time="0.048" /><testcase classname="backend.tests.test_gdpr_v012.TestNonRegression" name="test_rimborsi_list" time="0.059" /><testcase classname="backend.tests.test_gdpr_v012.TestNonRegression" name="test_sedi" time="0.053" /><testcase classname="backend.tests.test_gdpr_v012.TestNonRegression" name="test_notifiche" time="0.086" /></testsuite></testsuites>