<?xml version="1.0" encoding="utf-8"?><testsuites name="pytest tests"><testsuite name="pytest" errors="0" failures="0" skipped="0" tests="15" time="43.418" timestamp="2026-07-04T08:31:06.697470+00:00" hostname="agent-env-7ef1aff0-4c6d-4afb-80ad-c3e768773609"><testcase classname="tests.test_phase_b_security.TestVersionAndCSP" name="test_version_endpoint" time="0.262" /><testcase classname="tests.test_phase_b_security.TestVersionAndCSP" name="test_csp_includes_hcaptcha" time="0.055" /><testcase classname="tests.test_phase_b_security.TestVersionAndCSP" name="test_other_security_headers" time="0.062" /><testcase classname="tests.test_phase_b_security.TestNonRegression" name="test_admin_login" time="0.556" /><testcase classname="tests.test_phase_b_security.TestNonRegression" name="test_sedi_list" time="0.069" /><testcase classname="tests.test_phase_b_security.TestNonRegression" name="test_motivi_list" time="0.063" /><testcase classname="tests.test_phase_b_security.TestNonRegression" name="test_notifiche_list" time="0.068" /><testcase classname="tests.test_phase_b_security.TestNonRegression" name="test_rimborsi_crud" time="0.301" /><testcase classname="tests.test_phase_b_security.TestHCaptchaDisabled" name="test_register_without_captcha_when_disabled" time="6.550" /><testcase classname="tests.test_phase_b_security.TestHCaptchaEnabled" name="test_register_missing_token_rejected" time="6.152" /><testcase classname="tests.test_phase_b_security.TestHCaptchaEnabled" name="test_register_with_test_token_succeeds" time="7.684" /><testcase classname="tests.test_phase_b_security.TestRateLimitLogin" name="test_login_rate_limit" time="1.018" /><testcase classname="tests.test_phase_b_security.TestRateLimitResetPassword" name="test_reset_password_rate_limit" time="1.480" /><testcase classname="tests.test_phase_b_security.TestRateLimitCalcolaKm" name="test_calcola_km_rate_limit" time="3.891" /><testcase classname="tests.test_phase_b_security.TestRateLimitRegister" name="test_register_rate_limit" time="14.591" /></testsuite></testsuites>