<?xml version="1.0" encoding="utf-8"?><testsuites name="pytest tests"><testsuite name="pytest" errors="0" failures="0" skipped="0" tests="13" time="3.241" timestamp="2026-07-20T11:38:58.787703+00:00" hostname="agent-env-7ef1aff0-4c6d-4afb-80ad-c3e768773609"><testcase classname="backend.tests.test_v0114_ratelimit_fix.TestVersion" name="test_version_bumped_to_0_11_4" time="0.241" /><testcase classname="backend.tests.test_v0114_ratelimit_fix.TestHealthEndpoint" name="test_health_returns_ok_public" time="0.196" /><testcase classname="backend.tests.test_v0114_ratelimit_fix.TestHealthEndpoint" name="test_health_is_lightweight" time="0.054" /><testcase classname="backend.tests.test_v0114_ratelimit_fix.TestCalcolaKmSlowapiFix" name="test_calcola_km_no_slowapi_crash" time="0.634" /><testcase classname="backend.tests.test_v0114_ratelimit_fix.TestCalcolaKmSlowapiFix" name="test_calcola_km_rate_limit_headers_present" time="0.174" /><testcase classname="backend.tests.test_v0114_ratelimit_fix.TestResetPasswordSlowapiFix" name="test_reset_password_success" time="0.500" /><testcase classname="backend.tests.test_v0114_ratelimit_fix.TestResetPasswordSlowapiFix" name="test_reset_password_rate_limit_headers_present" time="0.435" /><testcase classname="backend.tests.test_v0114_ratelimit_fix.TestNonRegression" name="test_auth_me" time="0.048" /><testcase classname="backend.tests.test_v0114_ratelimit_fix.TestNonRegression" name="test_sedi_list" time="0.049" /><testcase classname="backend.tests.test_v0114_ratelimit_fix.TestNonRegression" name="test_rimborsi_list" time="0.060" /><testcase classname="backend.tests.test_v0114_ratelimit_fix.TestNonRegression" name="test_notifiche_list" time="0.053" /><testcase classname="backend.tests.test_v0114_ratelimit_fix.TestNonRegression" name="test_motivi_list" time="0.052" /><testcase classname="backend.tests.test_v0114_ratelimit_fix.TestNonRegression" name="test_rimborsi_crud_still_works" time="0.177" /></testsuite></testsuites>