<?xml version="1.0" encoding="utf-8"?><testsuites name="pytest tests"><testsuite name="pytest" errors="0" failures="0" skipped="0" tests="24" time="7.515" timestamp="2026-07-30T10:11:31.680642+00:00" hostname="agent-env-7ef1aff0-4c6d-4afb-80ad-c3e768773609"><testcase classname="backend.tests.test_v0130_superadmin_gdpr.TestVersion" name="test_version_bumped" time="0.319" /><testcase classname="backend.tests.test_v0130_superadmin_gdpr.TestImpostazioniSindacato" name="test_get_returns_defaults" time="0.171" /><testcase classname="backend.tests.test_v0130_superadmin_gdpr.TestImpostazioniSindacato" name="test_put_superadmin_ok" time="0.710" /><testcase classname="backend.tests.test_v0130_superadmin_gdpr.TestImpostazioniSindacato" name="test_put_non_superadmin_403" time="0.602" /><testcase classname="backend.tests.test_v0130_superadmin_gdpr.TestDocumentiLegali" name="test_anteprima_ok" time="0.231" /><testcase classname="backend.tests.test_v0130_superadmin_gdpr.TestDocumentiLegali" name="test_anteprima_invalid_type_404" time="0.051" /><testcase classname="backend.tests.test_v0130_superadmin_gdpr.TestDocumentiLegali" name="test_anteprima_requires_superadmin" time="0.056" /><testcase classname="backend.tests.test_v0130_superadmin_gdpr.TestDocumentiLegali" name="test_put_auto_increments_version" time="0.355" /><testcase classname="backend.tests.test_v0130_superadmin_gdpr.TestDocumentiLegali" name="test_put_invalid_tipo_404" time="0.048" /><testcase classname="backend.tests.test_v0130_superadmin_gdpr.TestDocumentiLegali" name="test_put_non_superadmin_403" time="0.054" /><testcase classname="backend.tests.test_v0130_superadmin_gdpr.TestRegistroTrattamenti" name="test_list" time="0.051" /><testcase classname="backend.tests.test_v0130_superadmin_gdpr.TestRegistroTrattamenti" name="test_export_csv" time="0.052" /><testcase classname="backend.tests.test_v0130_superadmin_gdpr.TestRegistroTrattamenti" name="test_export_xlsx" time="0.704" /><testcase classname="backend.tests.test_v0130_superadmin_gdpr.TestRegistroTrattamenti" name="test_export_pdf" time="0.624" /><testcase classname="backend.tests.test_v0130_superadmin_gdpr.TestRegistroTrattamenti" name="test_export_invalid_format_400" time="0.054" /><testcase classname="backend.tests.test_v0130_superadmin_gdpr.TestRegistroTrattamenti" name="test_richieste_cancellazione_list" time="0.056" /><testcase classname="backend.tests.test_v0130_superadmin_gdpr.TestGdprSelfService" name="test_my_data" time="0.059" /><testcase classname="backend.tests.test_v0130_superadmin_gdpr.TestGdprSelfService" name="test_export_zip" time="0.060" /><testcase classname="backend.tests.test_v0130_superadmin_gdpr.TestGdprSelfService" name="test_cancellazione_lifecycle_with_anonimizzazione" time="0.376" /><testcase classname="backend.tests.test_v0130_superadmin_gdpr.TestNuoviDocumenti" name="test_nuovi_documenti_and_marca_visti" time="0.179" /><testcase classname="backend.tests.test_v0130_superadmin_gdpr.TestApprovazioneEReport" name="test_approvazione_salva_timestamp" time="0.170" /><testcase classname="backend.tests.test_v0130_superadmin_gdpr.TestApprovazioneEReport" name="test_export_csv_has_data_approvazione" time="0.065" /><testcase classname="backend.tests.test_v0130_superadmin_gdpr.TestApprovazioneEReport" name="test_export_xlsx_has_data_approvazione" time="0.077" /><testcase classname="backend.tests.test_v0130_superadmin_gdpr.TestApprovazioneEReport" name="test_export_pdf_ok" time="0.073" /></testsuite></testsuites>